
An unexpected exception has been detected in native code outside the VM.
Unexpected Signal : EXCEPTION_ACCESS_VIOLATION (0xc0000005) occurred at PC=0x0
Function=[Unknown.]
Library=(N/A)

NOTE: We are unable to locate the function name symbol for the error
      just occurred. Please refer to release documentation for possible
      reason and solutions.


Current Java thread:
	at sun.awt.windows.Win32Renderer.doFillRect(Native Method)
	at sun.awt.windows.Win32Renderer.fillRect(Unknown Source)
	at sun.java2d.pipe.ValidatePipe.fillRect(Unknown Source)
	at sun.java2d.SunGraphics2D.fillRect(Unknown Source)
	at com.mathworks.hg.peer.utils.MultilineLabel.paintComponent(MultilineLabel.java:130)
	at javax.swing.JComponent.paint(Unknown Source)
	at java.awt.GraphicsCallback$PaintCallback.run(Unknown Source)
	at sun.awt.SunGraphicsCallback.runOneComponent(Unknown Source)
	at sun.awt.SunGraphicsCallback.runComponents(Unknown Source)
	at java.awt.Container.paint(Unknown Source)
	at sun.awt.RepaintArea.paint(Unknown Source)
	at sun.awt.windows.WComponentPeer.handleEvent(Unknown Source)
	at java.awt.Component.dispatchEventImpl(Unknown Source)
	at java.awt.Container.dispatchEventImpl(Unknown Source)
	at java.awt.Component.dispatchEvent(Unknown Source)
	at java.awt.EventQueue.dispatchEvent(Unknown Source)
	at java.awt.EventDispatchThread.pumpOneEventForHierarchy(Unknown Source)
	at java.awt.EventDispatchThread.pumpEventsForHierarchy(Unknown Source)
	at java.awt.EventDispatchThread.pumpEvents(Unknown Source)
	at java.awt.EventDispatchThread.pumpEvents(Unknown Source)
	at java.awt.EventDispatchThread.run(Unknown Source)

Dynamic libraries:
0x00400000 - 0x004D8000 	C:\MATLAB7\bin\win32\MATLAB.exe
0x7C900000 - 0x7C9B2000 	C:\WINDOWS\system32\ntdll.dll
0x7C800000 - 0x7C8F5000 	C:\WINDOWS\system32\kernel32.dll
0x792F0000 - 0x7938E000 	C:\MATLAB7\bin\win32\mcr.dll
0x77D40000 - 0x77DD0000 	C:\WINDOWS\system32\USER32.dll
0x77F10000 - 0x77F58000 	C:\WINDOWS\system32\GDI32.dll
0x763B0000 - 0x763F9000 	C:\WINDOWS\system32\comdlg32.dll
0x77F60000 - 0x77FD6000 	C:\WINDOWS\system32\SHLWAPI.dll
0x77DD0000 - 0x77E6B000 	C:\WINDOWS\system32\ADVAPI32.dll
0x77E70000 - 0x77F01000 	C:\WINDOWS\system32\RPCRT4.dll
0x77C10000 - 0x77C68000 	C:\WINDOWS\system32\msvcrt.dll
0x5D090000 - 0x5D127000 	C:\WINDOWS\system32\COMCTL32.dll
0x7C9C0000 - 0x7D1D6000 	C:\WINDOWS\system32\SHELL32.dll
0x774E0000 - 0x7761D000 	C:\WINDOWS\system32\ole32.dll
0x78800000 - 0x78815000 	C:\MATLAB7\bin\win32\mpath.dll
0x78700000 - 0x78788000 	C:\MATLAB7\bin\win32\libut.dll
0x76C90000 - 0x76CB8000 	C:\WINDOWS\system32\imagehlp.dll
0x78500000 - 0x78576000 	C:\MATLAB7\bin\win32\icuuc24.dll
0x78430000 - 0x78435000 	C:\MATLAB7\bin\win32\icudt24l.dll
0x7C340000 - 0x7C396000 	C:\MATLAB7\bin\win32\MSVCR71.dll
0x78440000 - 0x784C2000 	C:\MATLAB7\bin\win32\icuin24.dll
0x784D0000 - 0x784DD000 	C:\MATLAB7\bin\win32\icuio24.dll
0x7C3A0000 - 0x7C41B000 	C:\MATLAB7\bin\win32\MSVCP71.dll
0x77120000 - 0x771AC000 	C:\WINDOWS\system32\OLEAUT32.dll
0x79AC0000 - 0x79AD1000 	C:\MATLAB7\bin\win32\mwoles05.dll
0x787F0000 - 0x787FE000 	C:\MATLAB7\bin\win32\mvalue.dll
0x78790000 - 0x787C5000 	C:\MATLAB7\bin\win32\libmx.dll
0x786E0000 - 0x786F2000 	C:\MATLAB7\bin\win32\libz.dll
0x79B70000 - 0x79BA5000 	C:\MATLAB7\bin\win32\comcli.dll
0x78930000 - 0x78993000 	C:\MATLAB7\bin\win32\m_dispatcher.dll
0x78580000 - 0x786D6000 	C:\MATLAB7\bin\win32\xerces-c_2_1_0.dll
0x78F70000 - 0x78FD4000 	C:\MATLAB7\bin\win32\libmwservices.dll
0x78F50000 - 0x78F61000 	C:\MATLAB7\bin\win32\datasvcs.dll
0x788B0000 - 0x7892D000 	C:\MATLAB7\bin\win32\udd.dll
0x78820000 - 0x788A5000 	C:\MATLAB7\bin\win32\mcos.dll
0x79020000 - 0x7909B000 	C:\MATLAB7\bin\win32\uiw.dll
0x792C0000 - 0x792EA000 	C:\MATLAB7\bin\win32\libmwhardcopy.dll
0x789A0000 - 0x78C28000 	C:\MATLAB7\bin\win32\m_interpreter.dll
0x78E30000 - 0x78E87000 	C:\MATLAB7\bin\win32\m_ir.dll
0x787D0000 - 0x787DE000 	C:\MATLAB7\bin\win32\libmex.dll
0x78ED0000 - 0x78F43000 	C:\MATLAB7\bin\win32\mlib.dll
0x78C30000 - 0x78E29000 	C:\MATLAB7\bin\win32\m_parser.dll
0x78EC0000 - 0x78ECA000 	C:\MATLAB7\bin\win32\ir_xfmr.dll
0x787E0000 - 0x787E9000 	C:\MATLAB7\bin\win32\libmat.dll
0x78EB0000 - 0x78EBF000 	C:\MATLAB7\bin\win32\m_pcodeio.dll
0x78E90000 - 0x78EA1000 	C:\MATLAB7\bin\win32\m_pcodegen.dll
0x790D0000 - 0x79145000 	C:\MATLAB7\bin\win32\libmwgui.dll
0x79BF0000 - 0x79D18000 	C:\MATLAB7\bin\win32\bridge.dll
0x77C00000 - 0x77C08000 	C:\WINDOWS\system32\VERSION.dll
0x79B40000 - 0x79B6B000 	C:\MATLAB7\bin\win32\jmi.dll
0x79150000 - 0x79291000 	C:\MATLAB7\bin\win32\hg.dll
0x790A0000 - 0x790BA000 	C:\MATLAB7\bin\win32\libuij.dll
0x79390000 - 0x794AF000 	C:\MATLAB7\bin\win32\numerics.dll
0x794F0000 - 0x79576000 	C:\MATLAB7\bin\win32\libfftw3.dll
0x79580000 - 0x79601000 	C:\MATLAB7\bin\win32\libfftw3f.dll
0x794B0000 - 0x794CC000 	C:\MATLAB7\bin\win32\libmwlapack.dll
0x79A80000 - 0x79AB2000 	C:\MATLAB7\bin\win32\libmwumfpack.dll
0x7C140000 - 0x7C243000 	C:\MATLAB7\bin\win32\MFC71.DLL
0x73000000 - 0x73026000 	C:\WINDOWS\system32\WINSPOOL.DRV
0x79AE0000 - 0x79B31000 	C:\MATLAB7\bin\win32\udd_mi.dll
0x5B860000 - 0x5B8B4000 	C:\WINDOWS\system32\NETAPI32.dll
0x71AB0000 - 0x71AC7000 	C:\WINDOWS\system32\WS2_32.dll
0x71AA0000 - 0x71AA8000 	C:\WINDOWS\system32\WS2HELP.dll
0x790C0000 - 0x790C5000 	C:\MATLAB7\bin\win32\uinone.dll
0x79BB0000 - 0x79BB9000 	C:\MATLAB7\bin\win32\mlautoregister.dll
0x629C0000 - 0x629C9000 	C:\WINDOWS\system32\LPK.DLL
0x74D90000 - 0x74DFB000 	C:\WINDOWS\system32\USP10.dll
0x773D0000 - 0x774D2000 	C:\WINDOWS\WinSxS\x86_Microsoft.Windows.Common-Controls_6595b64144ccf1df_6.0.2600.2180_x-ww_a84f1ff9\comctl32.dll
0x7A7B0000 - 0x7A9C8000 	C:\MATLAB7\bin\win32\atlas_PIII.dll
0x79610000 - 0x79A64000 	C:\MATLAB7\bin\win32\lapack.dll
0x7C040000 - 0x7C0B5000 	C:\MATLAB7\bin\win32\DFORRT.dll
0x7C300000 - 0x7C30E000 	C:\MATLAB7\bin\win32\MFC71ENU.DLL
0x5AD70000 - 0x5ADA8000 	C:\WINDOWS\system32\uxtheme.dll
0x67320000 - 0x6734F000 	C:\PROGRA~1\COMMON~1\SYMANT~1\ANTISPAM\asOEHook.dll
0x63000000 - 0x63013000 	C:\WINDOWS\system32\SynTPFcs.dll
0x74720000 - 0x7476B000 	C:\WINDOWS\system32\MSCTF.dll
0x69000000 - 0x694BB000 	C:\WINDOWS\system32\atioglxx.dll
0x78100000 - 0x78236000 	C:\MATLAB7\sys\java\jre\win32\jre1.4.2\bin\client\jvm.dll
0x76B40000 - 0x76B6D000 	C:\WINDOWS\system32\WINMM.dll
0x78240000 - 0x78247000 	C:\MATLAB7\sys\java\jre\win32\jre1.4.2\bin\hpi.dll
0x78250000 - 0x7825E000 	C:\MATLAB7\sys\java\jre\win32\jre1.4.2\bin\verify.dll
0x78260000 - 0x78278000 	C:\MATLAB7\sys\java\jre\win32\jre1.4.2\bin\java.dll
0x78280000 - 0x7828D000 	C:\MATLAB7\sys\java\jre\win32\jre1.4.2\bin\zip.dll
0x78290000 - 0x7839A000 	C:\MATLAB7\sys\java\jre\win32\jre1.4.2\bin\awt.dll
0x76390000 - 0x763AD000 	C:\WINDOWS\system32\IMM32.dll
0x783E0000 - 0x78430000 	C:\MATLAB7\sys\java\jre\win32\jre1.4.2\bin\fontmanager.dll
0x79D20000 - 0x79D32000 	C:\MATLAB7\bin\win32\jmi_mi.dll
0x10000000 - 0x103FF000 	C:\WINDOWS\Resources\themes\Luna\Luna.msstyles
0x7A780000 - 0x7A78A000 	C:\MATLAB7\bin\win32\nativejava.dll
0x7A790000 - 0x7A797000 	C:\MATLAB7\bin\win32\nativelex.dll
0x792A0000 - 0x792BD000 	C:\MATLAB7\bin\win32\glren.dll
0x5ED00000 - 0x5EDCC000 	C:\WINDOWS\system32\OPENGL32.dll
0x68B20000 - 0x68B40000 	C:\WINDOWS\system32\GLU32.dll
0x73760000 - 0x737A9000 	C:\WINDOWS\system32\DDRAW.dll
0x73BC0000 - 0x73BC6000 	C:\WINDOWS\system32\DCIMAN32.dll
0x78FE0000 - 0x7901E000 	C:\MATLAB7\bin\win32\libmwbuiltins.dll
0x7A7A0000 - 0x7A7A5000 	C:\MATLAB7\bin\win32\nativehg.dll
0x783A0000 - 0x783A5000 	C:\MATLAB7\sys\java\jre\win32\jre1.4.2\bin\jawt.dll
0x77B40000 - 0x77B62000 	C:\WINDOWS\system32\appHelp.dll
0x76FD0000 - 0x7704F000 	C:\WINDOWS\system32\CLBCATQ.DLL
0x77050000 - 0x77115000 	C:\WINDOWS\system32\COMRes.dll
0x77A20000 - 0x77A74000 	C:\WINDOWS\System32\cscui.dll
0x76600000 - 0x7661D000 	C:\WINDOWS\System32\CSCDLL.dll
0x75F80000 - 0x7607D000 	C:\WINDOWS\system32\browseui.dll
0x77920000 - 0x77A13000 	C:\WINDOWS\system32\SETUPAPI.dll
0x769C0000 - 0x76A73000 	C:\WINDOWS\system32\USERENV.dll
0x76990000 - 0x769B5000 	C:\WINDOWS\system32\ntshrui.dll
0x76B20000 - 0x76B31000 	C:\WINDOWS\system32\ATL.DLL
0x7E290000 - 0x7E3FF000 	C:\WINDOWS\system32\shdocvw.dll
0x77A80000 - 0x77B14000 	C:\WINDOWS\system32\CRYPT32.dll
0x77B20000 - 0x77B32000 	C:\WINDOWS\system32\MSASN1.dll
0x754D0000 - 0x75550000 	C:\WINDOWS\system32\CRYPTUI.dll
0x76C30000 - 0x76C5E000 	C:\WINDOWS\system32\WINTRUST.dll
0x771B0000 - 0x77256000 	C:\WINDOWS\system32\WININET.dll
0x76F60000 - 0x76F8C000 	C:\WINDOWS\system32\WLDAP32.dll
0x20000000 - 0x202C5000 	C:\WINDOWS\system32\xpsp2res.dll
0x71B20000 - 0x71B32000 	C:\WINDOWS\system32\MPR.dll
0x75F60000 - 0x75F67000 	C:\WINDOWS\System32\drprov.dll
0x71C10000 - 0x71C1E000 	C:\WINDOWS\System32\ntlanman.dll
0x71CD0000 - 0x71CE7000 	C:\WINDOWS\System32\NETUI0.dll
0x71C90000 - 0x71CD0000 	C:\WINDOWS\System32\NETUI1.dll
0x71C80000 - 0x71C87000 	C:\WINDOWS\System32\NETRAP.dll
0x71BF0000 - 0x71C03000 	C:\WINDOWS\System32\SAMLIB.dll
0x75F70000 - 0x75F79000 	C:\WINDOWS\System32\davclnt.dll
0x73D70000 - 0x73D83000 	C:\WINDOWS\system32\shgina.dll
0x75970000 - 0x75A68000 	C:\WINDOWS\system32\MSGINA.dll
0x74320000 - 0x7435D000 	C:\WINDOWS\system32\ODBC32.dll
0x76360000 - 0x76370000 	C:\WINDOWS\system32\WINSTA.dll
0x02B30000 - 0x02B47000 	C:\WINDOWS\system32\odbcint.dll
0x77FE0000 - 0x77FF1000 	C:\WINDOWS\system32\Secur32.dll
0x0FDC0000 - 0x0FE39000 	C:\WINDOWS\system32\Audiodev.dll
0x1A400000 - 0x1A644000 	C:\WINDOWS\system32\WMVCore.DLL
0x0FE40000 - 0x0FE7B000 	C:\WINDOWS\system32\WMASF.DLL
0x06020000 - 0x06025000 	C:\MATLAB7\toolbox\matlab\datatypes\cellfun.dll
0x060E0000 - 0x060E5000 	C:\MATLAB7\toolbox\matlab\specfun\gammaln.dll
0x06AB0000 - 0x06AB8000 	C:\MATLAB7\toolbox\matlab\graph2d\private\lineseriesmex.dll
0x5EE60000 - 0x5EEBF000 	C:\Program Files\OpenOffice.org 3\Basis\program\shlxthdl\shlxthdl.dll
0x4EC50000 - 0x4EDF6000 	C:\WINDOWS\WinSxS\x86_Microsoft.Windows.GdiPlus_6595b64144ccf1df_1.0.2600.3352_x-ww_81af8e88\gdiplus.dll
0x21350000 - 0x213F3000 	C:\WINDOWS\WinSxS\x86_Microsoft.VC90.CRT_1fc8b3b9a1e18e3b_9.0.21022.8_x-ww_d08d0375\MSVCR90.dll
0x5E470000 - 0x5E507000 	C:\Program Files\OpenOffice.org 3\Basis\program\shlxthdl\stlport_vc7145.dll
0x21430000 - 0x2144C000 	C:\Program Files\Adobe\Acrobat 7.0\ActiveX\PDFShell.dll
0x59A60000 - 0x59B01000 	C:\WINDOWS\system32\DBGHELP.dll
0x76BF0000 - 0x76BFB000 	C:\WINDOWS\system32\PSAPI.DLL

Heap at VM Abort:
Heap
 def new generation   total 3328K, used 2928K [0x06be0000, 0x06f70000, 0x07500000)
  eden space 3008K,  86% used [0x06be0000, 0x06e6c298, 0x06ed0000)
  from space 320K, 100% used [0x06ed0000, 0x06f20000, 0x06f20000)
  to   space 320K,   0% used [0x06f20000, 0x06f20000, 0x06f70000)
 tenured generation   total 21520K, used 18836K [0x07500000, 0x08a04000, 0x0abe0000)
   the space 21520K,  87% used [0x07500000, 0x08765008, 0x08765200, 0x08a04000)
 compacting perm gen  total 14080K, used 13900K [0x0abe0000, 0x0b9a0000, 0x0ebe0000)
   the space 14080K,  98% used [0x0abe0000, 0x0b9731b0, 0x0b973200, 0x0b9a0000)

Local Time = Fri Aug 14 08:38:34 2009
Elapsed Time = 58846
#
# The exception above was detected in native code outside the VM
#
# Java VM: Java HotSpot(TM) Client VM (1.4.2-b28 mixed mode)
#
